2024-11-07 13:24:16,248 - Key w pressed
2024-11-07 13:24:16,409 - Key w pressed
2024-11-07 13:24:16,582 - Key w pressed
2024-11-07 13:24:16,709 - Key . pressed
2024-11-07 13:24:17,324 - Key g pressed
2024-11-07 13:24:17,438 - Key o pressed
2024-11-07 13:24:17,567 - Key o pressed
2024-11-07 13:24:17,692 - Key g pressed
2024-11-07 13:24:17,817 - Key l pressed
2024-11-07 13:24:17,945 - Key e pressed
2024-11-07 13:24:18,083 - Key . pressed
2024-11-07 13:24:18,202 - Key c pressed
2024-11-07 13:24:18,408 - Key o pressed
2024-11-07 13:24:18,496 - Key m pressed
2024-11-07 13:24:18,718 - Special key Key.enter pressed
2024-11-07 13:24:22,515 - Key b pressed
2024-11-07 13:24:22,639 - Key i pressed
2024-11-07 13:24:22,762 - Key n pressed
2024-11-07 13:24:22,910 - Key i pressed
2024-11-07 13:24:23,531 - Special key Key.enter pressed
2024-11-07 13:24:58,368 - Special key Key.esc pressed
2024-11-07 13:25:00,493 - Special key Key.esc pressed
2024-11-07 13:25:01,518 - Special key Key.enter pressed
2024-11-07 13:25:02,317 - Special key Key.esc pressed
2024-11-07 13:25:04,708 - Special key Key.enter pressed
2024-11-07 13:25:06,075 - Special key Key.cmd pressed
2024-11-07 13:25:06,274 - Key c pressed
2024-11-07 13:25:07,644 - Special key Key.ctrl pressed
2024-11-07 13:25:07,892 - Key c pressed
